
----- CS 106L SIMPLE TEST HARNESS -----
Written by Avery Wang (2019-2020 lecturer)

----- Starter Code Tests (Provided) -----
Test A_basic                        PASS 
Test B_insert                       PASS 
Test C_clear                        PASS 
Test D_at                           PASS 
Test E_custom_bucket_count          PASS 
Test F_custom_hash_function         PASS 
Test G_erase                        PASS 

----- Milestone 1 Tests (Optional) -----
Test A_rehash_basic                 SKIP 
Test B_rehash_correctness_by_time   SKIP 

----- Milestone 2 Tests (Required) -----
Test A_index_operator               PASS 
{Anna:2}
{Anna:2, Avery:3}
Test B_stream_insertion_operator    PASS 
Test C_equality_operator            PASS 
Test D_const_correctness            SKIP 

----- Milestone 3 Tests (Required) -----
Test A_copy_ctor_assignment         PASS 
Test B_move_ctor_assignment         PASS 
HashMap with 2000 elements (ns)
Copy ctor: 3668569    Move ctor: 48
Copy assign: 10659421  Move assign: 664
Test C_move_time                    PASS 

----- Milestone 4 Tests (Required) -----
(9 short answers graded manually)

----- Milestone 5 Tests (Optional) -----
Test A_initializer_list_ctor        PASS 
Test B_range_ctor                   PASS 

----- Milestone 6 Tests (Optional) -----
1 and 1
2 and 2
21 and 21
30 and 30
140 and 140
--------
-----------------------------
Printing debug information for your HashMap implementation
Size: 5      Buckets: 10      (load factor: 0.5) 

[  0]: -> 140:140 -> 30:30 /
[  1]: -> 21:21 -> 1:1 /
[  2]: -> 2:2 /
[  3]: /
[  4]: /
[  5]: /
[  6]: /
[  7]: /
[  8]: /
[  9]: /
-----------------------------
first_index:0
140 and 140
30 and 30
21 and 21
1 and 1
2 and 2
********
1 and 1
2 and 2
21 and 21
30 and 30
140 and 140
Test A_iterator_for_each_basic----- PASS 
first_index:0
first_index:0
first_index:0
first_index:10
Test B_iterator_for_each_edge------ PASS 
first_index:1
first_index:1
first_index:1
Test C_iterator_operators---------- PASS 
first_index:0
27 1and 27
-----------------------------
Printing debug information for your HashMap implementation
Size: 27      Buckets: 10      (load factor: 2.7) 

[  0]: -> 0:0 -> -6:36 -> -16:256 /
[  1]: -> 1:1 -> -5:25 -> -15:225 /
[  2]: -> 2:4 -> -4:16 -> -14:196 /
[  3]: -> 3:9 -> -3:9 -> -13:169 /
[  4]: -> 4:16 -> -2:4 -> -12:144 /
[  5]: -> 5:25 -> -1:1 -> -11:121 /
[  6]: -> 6:36 -> -10:100 /
[  7]: -> 7:49 -> -9:81 /
[  8]: -> 8:64 -> -8:64 /
[  9]: -> 9:81 -> -7:49 -> -17:289 /
-----------------------------
first_index:0
first_index:0
0 2and 27
Test D_iterator_algorithm---------- FAIL: VERIFY_TRUE assertion failure at line number 881 in file tests.cpp
first_index:1
first_index:1
Test E_const_iterator-------------- FAIL: VERIFY_TRUE assertion failure at line number 898 in file tests.cpp
first_index:1
first_index:1
first_index:1
first_index:1
first_index:1
first_index:1
first_index:1
Test F_iterator_const_correctness-- PASS 

----- Test Harness Summary -----
Required tests: 13/14 (excluding short answers)
Optional tests: 6/10

Super close! 
Some tests were failed or skipped. 
If stuck, try adding a map.debug() call before a VERIFY_TRUE.
Great job completing the extensions! 

----- End of Test Harness -----
